STEP to UG
! INFO-     NX STEP AP203 - V10.0
! INFO-      
! INFO-     Start of Translation: 13-OCT-2015  2:18:04 PM
! INFO-      
! STATUS-   Converting Part: M:\5thSemester\Focus3DDrawings\KD24s_2N-20N_STP\KD24s_2N-20N_000_K(a).stp
! SUMMARY-   
! SUMMARY-    STEP Header Information
! SUMMARY-   
! SUMMARY-  Description      Alibre Inc.
! SUMMARY-  Imp_Level        2;1
! SUMMARY-  File_Name        export0
! SUMMARY-  Date             2015-07-01T10:59:00+02:00
! SUMMARY-  Author           Unknown
! SUMMARY-  Organization     Unknown
! SUMMARY-  Pre_Version      ST-DEVELOPER v14
! SUMMARY-  Orig_System      Alibre
! SUMMARY-  Authorization    Unknown
! SUMMARY-  Schema_ID        ap203_configuration_controlled_3d_design_of_mechanical_parts_and_assemblies_mim_lf
! SUMMARY-   
! SUMMARY-    Summary of STEP Entities
! SUMMARY-   
! SUMMARY-  Entity Type                                                   Count
! SUMMARY-  -----------                                                   ------
! SUMMARY-  advanced_brep_shape_representation .........................:      2
! SUMMARY-  advanced_face ..............................................:     28
! SUMMARY-  application_context ........................................:      1
! SUMMARY-  application_protocol_definition ............................:      1
! SUMMARY-  approval ...................................................:     15
! SUMMARY-  approval_date_time .........................................:     15
! SUMMARY-  approval_person_organization ...............................:     15
! SUMMARY-  approval_role ..............................................:     15
! SUMMARY-  approval_status ............................................:     15
! SUMMARY-  axis2_placement_3d .........................................:     53
! SUMMARY-  b_spline_curve_with_knots ..................................:      1
! SUMMARY-  calendar_date ..............................................:     26
! SUMMARY-  cartesian_point ............................................:    177
! SUMMARY-  cc_design_approval .........................................:     15
! SUMMARY-  cc_design_date_and_time_assignment .........................:     11
! SUMMARY-  cc_design_person_and_organization_assignment ...............:     23
! SUMMARY-  cc_design_security_classification ..........................:      7
! SUMMARY-  circle .....................................................:     21
! SUMMARY-  closed_shell ...............................................:      2
! SUMMARY-  conical_surface ............................................:      2
! SUMMARY-  context_dependent_shape_representation .....................:      3
! SUMMARY-  coordinated_universal_time_offset ..........................:     26
! SUMMARY-  cylindrical_surface ........................................:     10
! SUMMARY-  date_and_time ..............................................:     26
! SUMMARY-  date_time_role .............................................:     11
! SUMMARY-  design_context .............................................:      1
! SUMMARY-  direction ..................................................:    128
! SUMMARY-  edge_curve .................................................:     62
! SUMMARY-  edge_loop ..................................................:     48
! SUMMARY-  face_bound .................................................:     48
! SUMMARY-  geometric_representation_context_and_global_uncertainty_a ..:      4
! SUMMARY-  item_defined_transformation ................................:      3
! SUMMARY-  length_unit_and_si_unit ....................................:      4
! SUMMARY-  line .......................................................:     36
! SUMMARY-  local_time .................................................:     26
! SUMMARY-  manifold_solid_brep ........................................:      2
! SUMMARY-  mechanical_context .........................................:      1
! SUMMARY-  next_assembly_usage_occurrence .............................:      3
! SUMMARY-  organization ...............................................:     12
! SUMMARY-  oriented_edge ..............................................:    124
! SUMMARY-  person .....................................................:     11
! SUMMARY-  person_and_organization ....................................:     38
! SUMMARY-  person_and_organization_role ...............................:     23
! SUMMARY-  plane ......................................................:     14
! SUMMARY-  plane_angle_unit_and_si_unit ...............................:      4
! SUMMARY-  product ....................................................:      4
! SUMMARY-  product_definition .........................................:      4
! SUMMARY-  product_definition_formation_with_specified_source .........:      4
! SUMMARY-  product_definition_shape ...................................:      7
! SUMMARY-  product_related_product_category ...........................:      4
! SUMMARY-  representation_relationship_with_transformation_and_shape ..:      3
! SUMMARY-  security_classification ....................................:      7
! SUMMARY-  security_classification_level ..............................:      7
! SUMMARY-  shape_definition_representation ............................:      4
! SUMMARY-  shape_representation .......................................:      4
! SUMMARY-  shape_representation_relationship ..........................:      2
! SUMMARY-  si_unit_and_solid_angle_unit ...............................:      4
! SUMMARY-  uncertainty_measure_with_unit ..............................:      4
! SUMMARY-  vector .....................................................:     36
! SUMMARY-  vertex_point ...............................................:     46
! SUMMARY-                                                               -------
! SUMMARY-  Total                                                           1253
! STATUS-    
! STATUS-   Converting to Output Form (Phase 2 of 3): 13-OCT-2015 2:18:05 PM
! STATUS-    
! STATUS-    
! STATUS-   Generating UG geometry and placing them in parts
! STATUS-    
! STATUS-   Creating the UG part (Phase 3 of 3): 13-OCT-2015  2:18:05 PM
! STATUS-    
! STATUS-   Creating UG solid body from Input Ent Id 1260
! STATUS-    
! STATUS-   simplifying Bsplines to analytics
! STATUS-    
! STATUS-   converting tolerant edges into exact edges
! STATUS-    
! STATUS-   doing final check of body to report any faults
! STATUS-    
! INFO-     Filing Part ..: M:\5thSemester\Focus3DDrawings\KD24s_2N-20N_STP\ID_1398
! SUMMARY-   
! SUMMARY-  Summary of Unigraphics Part Entities
! SUMMARY-   
! SUMMARY-  Entities Processed             Count
! SUMMARY-  ------------------             -----
! SUMMARY-  Solid .......................:     1
! SUMMARY-                                 -----
! SUMMARY-  Total                              1
! STATUS-   Creating the UG part (Phase 3 of 3): 13-OCT-2015  2:18:10 PM
! STATUS-    
! STATUS-   Creating UG solid body from Input Ent Id 1259
! STATUS-    
! STATUS-   fixing vertex and/or edge off surface faults
! STATUS-    
! STATUS-   simplifying Bsplines to analytics
! STATUS-    
! STATUS-   converting tolerant edges into exact edges
! STATUS-    
! STATUS-   doing final check of body to report any faults
! STATUS-    
! INFO-     Filing Part ..: M:\5thSemester\Focus3DDrawings\KD24s_2N-20N_STP\ID_1
! SUMMARY-   
! SUMMARY-  Summary of Unigraphics Part Entities
! SUMMARY-   
! SUMMARY-  Entities Processed             Count
! SUMMARY-  ------------------             -----
! SUMMARY-  Solid .......................:     1
! SUMMARY-                                 -----
! SUMMARY-  Total                              1
! STATUS-   Creating the UG part (Phase 3 of 3): 13-OCT-2015  2:18:13 PM
! INFO-     Filing Part ..: M:\5thSemester\Focus3DDrawings\KD24s_2N-20N_STP\ID_1399
! SUMMARY-   
! SUMMARY-  Summary of Unigraphics Part Entities
! SUMMARY-   
! SUMMARY-  Entities Processed             Count
! SUMMARY-  ------------------             -----
! SUMMARY-  Component ...................:     2
! SUMMARY-                                 -----
! SUMMARY-  Total                              2
! STATUS-   Creating the UG part (Phase 3 of 3): 13-OCT-2015  2:18:22 PM
! INFO-     Filing Part ..: M:\5thSemester\Focus3DDrawings\KD24s_2N-20N_STP\KD24s_2N-20N_000_K_a__stp.prt
! SUMMARY-   
! SUMMARY-  Summary of Unigraphics Part Entities
! SUMMARY-   
! SUMMARY-  Entities Processed             Count
! SUMMARY-  ------------------             -----
! SUMMARY-  Component ...................:     1
! SUMMARY-                                 -----
! SUMMARY-  Total                              1
! INFO-      
! INFO-     Total number of solids input for this translation       :         2
! INFO-      
! INFO-     Number of solids created without body validation faults :         2
! INFO-      
! INFO-     Number of solids created with body validation fault(s)  :         0
! INFO-      
! INFO-     Number of solids ending up as sheet bodies              :         0
! INFO-      
! INFO-     End of Translation: 13-OCT-2015  2:18:28 PM
! INFO-      
