\BOOKMARK [0][-]{section*.5}{List of Figures}{}% 1
\BOOKMARK [0][-]{section*.7}{List of Tables}{}% 2
\BOOKMARK [0][-]{chapter*.8}{Listings}{}% 3
\BOOKMARK [0][-]{chapter.1}{Introduction}{}% 4
\BOOKMARK [1][-]{section.1.1}{Purpose}{chapter.1}% 5
\BOOKMARK [1][-]{section.1.2}{Scope}{chapter.1}% 6
\BOOKMARK [1][-]{section.1.3}{Overview}{chapter.1}% 7
\BOOKMARK [1][-]{section.1.4}{References}{chapter.1}% 8
\BOOKMARK [1][-]{section.1.5}{Division of the Tasks}{chapter.1}% 9
\BOOKMARK [0][-]{chapter.2}{System Description}{}% 10
\BOOKMARK [1][-]{section.2.1}{Product Overview}{chapter.2}% 11
\BOOKMARK [1][-]{section.2.2}{System Overview}{chapter.2}% 12
\BOOKMARK [0][-]{chapter.3}{Mechanical Components}{}% 13
\BOOKMARK [1][-]{section.3.1}{Repository}{chapter.3}% 14
\BOOKMARK [1][-]{section.3.2}{Z-Axis}{chapter.3}% 15
\BOOKMARK [2][-]{subsection.3.2.1}{Frame}{section.3.2}% 16
\BOOKMARK [2][-]{subsection.3.2.2}{Mounters for linear Axis and Limit Switch}{section.3.2}% 17
\BOOKMARK [2][-]{subsection.3.2.3}{Mounter for Electrical Boards}{section.3.2}% 18
\BOOKMARK [2][-]{subsection.3.2.4}{Rackbar}{section.3.2}% 19
\BOOKMARK [2][-]{subsection.3.2.5}{Motor Frame}{section.3.2}% 20
\BOOKMARK [1][-]{section.3.3}{Mechanical Assembly}{chapter.3}% 21
\BOOKMARK [1][-]{section.3.4}{Snap Connection}{chapter.3}% 22
\BOOKMARK [2][-]{subsection.3.4.1}{Calculation of the Forces}{section.3.4}% 23
\BOOKMARK [3][-]{subsubsection.3.4.1.1}{Calculation of the Force for Grab Cycle}{subsection.3.4.1}% 24
\BOOKMARK [3][-]{subsubsection.3.4.1.2}{Calculation for the Drop Cycle}{subsection.3.4.1}% 25
\BOOKMARK [2][-]{subsection.3.4.2}{FEA}{section.3.4}% 26
\BOOKMARK [2][-]{subsection.3.4.3}{Analysis of the Simulation for the Displacement}{section.3.4}% 27
\BOOKMARK [2][-]{subsection.3.4.4}{Analysis of the Simulation for the Stresses}{section.3.4}% 28
\BOOKMARK [0][-]{chapter.4}{Electronic Components}{}% 29
\BOOKMARK [1][-]{section.4.1}{System Overview}{chapter.4}% 30
\BOOKMARK [1][-]{section.4.2}{Linear Voltage Regulator}{chapter.4}% 31
\BOOKMARK [1][-]{section.4.3}{Schematic}{chapter.4}% 32
\BOOKMARK [1][-]{section.4.4}{Calculation}{chapter.4}% 33
\BOOKMARK [1][-]{section.4.5}{Measurements}{chapter.4}% 34
\BOOKMARK [1][-]{section.4.6}{Amplifier Circuit}{chapter.4}% 35
\BOOKMARK [2][-]{subsection.4.6.1}{Description}{section.4.6}% 36
\BOOKMARK [2][-]{subsection.4.6.2}{Schematic}{section.4.6}% 37
\BOOKMARK [2][-]{subsection.4.6.3}{Calculation}{section.4.6}% 38
\BOOKMARK [2][-]{subsection.4.6.4}{Layout}{section.4.6}% 39
\BOOKMARK [2][-]{subsection.4.6.5}{Measurement}{section.4.6}% 40
\BOOKMARK [1][-]{section.4.7}{RS232 Circuit}{chapter.4}% 41
\BOOKMARK [2][-]{subsection.4.7.1}{Description}{section.4.7}% 42
\BOOKMARK [2][-]{subsection.4.7.2}{Schematic}{section.4.7}% 43
\BOOKMARK [2][-]{subsection.4.7.3}{Measurement}{section.4.7}% 44
\BOOKMARK [2][-]{subsection.4.7.4}{Layout}{section.4.7}% 45
\BOOKMARK [1][-]{section.4.8}{DRV8711 Circuit}{chapter.4}% 46
\BOOKMARK [2][-]{subsection.4.8.1}{Description}{section.4.8}% 47
\BOOKMARK [2][-]{subsection.4.8.2}{Schematic}{section.4.8}% 48
\BOOKMARK [2][-]{subsection.4.8.3}{Calculation}{section.4.8}% 49
\BOOKMARK [3][-]{subsubsection.4.8.3.1}{Power Consumption of Sense Resistors}{subsection.4.8.3}% 50
\BOOKMARK [3][-]{subsubsection.4.8.3.2}{Drive Current}{subsection.4.8.3}% 51
\BOOKMARK [3][-]{subsubsection.4.8.3.3}{Maximum allowed Drive Current}{subsection.4.8.3}% 52
\BOOKMARK [2][-]{subsection.4.8.4}{Measurements}{section.4.8}% 53
\BOOKMARK [1][-]{section.4.9}{Emergency Stop and limit Switch Circuit}{chapter.4}% 54
\BOOKMARK [2][-]{subsection.4.9.1}{Description}{section.4.9}% 55
\BOOKMARK [2][-]{subsection.4.9.2}{Measurement}{section.4.9}% 56
\BOOKMARK [2][-]{subsection.4.9.3}{Schematic}{section.4.9}% 57
\BOOKMARK [1][-]{section.4.10}{Bill of materials}{chapter.4}% 58
\BOOKMARK [1][-]{section.4.11}{PCB layout}{chapter.4}% 59
\BOOKMARK [0][-]{chapter.5}{PLC-Program}{}% 60
\BOOKMARK [1][-]{section.5.1}{Main Program}{chapter.5}% 61
\BOOKMARK [1][-]{section.5.2}{Error Procedure}{chapter.5}% 62
\BOOKMARK [1][-]{section.5.3}{HMI}{chapter.5}% 63
\BOOKMARK [0][-]{chapter.6}{Communication PLC - uC}{}% 64
\BOOKMARK [1][-]{section.6.1}{Configuration of RS232}{chapter.6}% 65
\BOOKMARK [1][-]{section.6.2}{Commands PLC}{chapter.6}% 66
\BOOKMARK [1][-]{section.6.3}{Reply uC}{chapter.6}% 67
\BOOKMARK [1][-]{section.6.4}{Telegram from uC to PLC}{chapter.6}% 68
\BOOKMARK [1][-]{section.6.5}{Heartbeat}{chapter.6}% 69
\BOOKMARK [0][-]{chapter.7}{uC Program}{}% 70
\BOOKMARK [1][-]{section.7.1}{ASF Library}{chapter.7}% 71
\BOOKMARK [1][-]{section.7.2}{Used pins}{chapter.7}% 72
\BOOKMARK [1][-]{section.7.3}{Configuration}{chapter.7}% 73
\BOOKMARK [1][-]{section.7.4}{Calculations}{chapter.7}% 74
\BOOKMARK [2][-]{subsection.7.4.1}{Sampling Rate of the ADC}{section.7.4}% 75
\BOOKMARK [2][-]{subsection.7.4.2}{TC Frequency}{section.7.4}% 76
\BOOKMARK [1][-]{section.7.5}{Main Loop}{chapter.7}% 77
\BOOKMARK [1][-]{section.7.6}{Programmed Functions}{chapter.7}% 78
\BOOKMARK [1][-]{section.7.7}{DRV8711 Register Settings}{chapter.7}% 79
\BOOKMARK [2][-]{subsection.7.7.1}{Configuring Predrivers}{section.7.7}% 80
\BOOKMARK [2][-]{subsection.7.7.2}{External MOSFET's calculation}{section.7.7}% 81
\BOOKMARK [2][-]{subsection.7.7.3}{Speed Calculation}{section.7.7}% 82
\BOOKMARK [2][-]{subsection.7.7.4}{Conclusion DRV8711}{section.7.7}% 83
\BOOKMARK [0][-]{chapter.8}{Results}{}% 84
\BOOKMARK [1][-]{section.8.1}{Test runs}{chapter.8}% 85
\BOOKMARK [1][-]{section.8.2}{Mechanic}{chapter.8}% 86
\BOOKMARK [1][-]{section.8.3}{Electronic}{chapter.8}% 87
\BOOKMARK [1][-]{section.8.4}{Force Measurement}{chapter.8}% 88
\BOOKMARK [0][-]{chapter.9}{Discussion}{}% 89
\BOOKMARK [0][-]{chapter.9}{Appendix}{}% 90
\BOOKMARK [0][-]{appendix.A}{Mechanics}{}% 91
\BOOKMARK [1][-]{section.A.1}{Drawings}{appendix.A}% 92
\BOOKMARK [1][-]{section.A.2}{Linear Axis}{appendix.A}% 93
\BOOKMARK [0][-]{appendix.B}{Electronics}{}% 94
\BOOKMARK [1][-]{section.B.1}{Power Resistor}{appendix.B}% 95
\BOOKMARK [1][-]{section.B.2}{DRV8711}{appendix.B}% 96
\BOOKMARK [1][-]{section.B.3}{MOSFET IRF520}{appendix.B}% 97
\BOOKMARK [1][-]{section.B.4}{Force Sensor}{appendix.B}% 98
\BOOKMARK [1][-]{section.B.5}{LM1086 Linear Voltage Regulator}{appendix.B}% 99
\BOOKMARK [1][-]{section.B.6}{MAX232 RS232 Level Changer}{appendix.B}% 100
\BOOKMARK [1][-]{section.B.7}{Schrack Relay}{appendix.B}% 101
\BOOKMARK [0][-]{appendix.C}{uC}{}% 102
\BOOKMARK [1][-]{section.C.1}{Main Loop}{appendix.C}% 103
\BOOKMARK [1][-]{section.C.2}{Library}{appendix.C}% 104
\BOOKMARK [1][-]{section.C.3}{ASF Library}{appendix.C}% 105
\BOOKMARK [1][-]{section.C.4}{Register Settings Atmel}{appendix.C}% 106
\BOOKMARK [0][-]{appendix.D}{PLC}{}% 107
\BOOKMARK [1][-]{section.D.1}{Program}{appendix.D}% 108
\BOOKMARK [2][-]{subsection.D.1.1}{Allgemein}{section.D.1}% 109
\BOOKMARK [2][-]{subsection.D.1.2}{Main}{section.D.1}% 110
\BOOKMARK [2][-]{subsection.D.1.3}{Error and Reset}{section.D.1}% 111
\BOOKMARK [2][-]{subsection.D.1.4}{Serial Com}{section.D.1}% 112
\BOOKMARK [2][-]{subsection.D.1.5}{Visualization}{section.D.1}% 113
\BOOKMARK [2][-]{subsection.D.1.6}{Write in Array}{section.D.1}% 114
\BOOKMARK [1][-]{section.D.2}{Datasheets}{appendix.D}% 115
