STEP to UG
! INFO-     NX STEP AP203 - V10.0
! INFO-      
! INFO-     Start of Translation: 3-NOV-2015  2:50:38 PM
! INFO-      
! STATUS-   Converting Part: \\profiles.fhv.at\kki8361$\Downloads\linearAxis80mm\SLT_BB_0412_ER_S0015RG_80_1.stp
! SUMMARY-   
! SUMMARY-    STEP Header Information
! SUMMARY-   
! SUMMARY-  Description      no description
! SUMMARY-  Imp_Level        unknown implementation level
! SUMMARY-  File_Name        SLT_BB_0412_ER_S0015RG_80_1.stp
! SUMMARY-  Date               
! SUMMARY-  Author           igus GmbH
! SUMMARY-  Organization     CADClick - KiM GmbH - www.kimweb.de
! SUMMARY-  Pre_Version      unknown preprocess
! SUMMARY-  Orig_System      ACIS
! SUMMARY-  Authorization    unknown authorization
! SUMMARY-  Schema_ID        automotive_design
! SUMMARY-   
! SUMMARY-    Summary of STEP Entities
! SUMMARY-   
! SUMMARY-  Entity Type                                                   Count
! SUMMARY-  -----------                                                   ------
! SUMMARY-  advanced_brep_shape_representation .........................:      2
! SUMMARY-  advanced_face ..............................................:    627
! SUMMARY-  application_context ........................................:      2
! SUMMARY-  application_protocol_definition ............................:      2
! SUMMARY-  axis2_placement_3d .........................................:   1269
! SUMMARY-  b_spline_curve_with_knots ..................................:     16
! SUMMARY-  b_spline_curve_with_knots_and_rational_b_spline_curve ......:     24
! SUMMARY-  cartesian_point ............................................:   3596
! SUMMARY-  circle .....................................................:    436
! SUMMARY-  closed_shell ...............................................:      2
! SUMMARY-  conical_surface ............................................:     46
! SUMMARY-  conversion_based_unit_and_length_unit ......................:      1
! SUMMARY-  cylindrical_surface ........................................:    209
! SUMMARY-  dimensional_exponents ......................................:      2
! SUMMARY-  direction ..................................................:   3533
! SUMMARY-  edge_curve .................................................:   1675
! SUMMARY-  edge_loop ..................................................:    719
! SUMMARY-  ellipse ....................................................:    204
! SUMMARY-  face_bound .................................................:     92
! SUMMARY-  face_outer_bound ...........................................:    627
! SUMMARY-  geometric_representation_context_and_global_uncertainty_a ..:      1
! SUMMARY-  length_measure_with_unit ...................................:      1
! SUMMARY-  length_unit_and_si_unit ....................................:      1
! SUMMARY-  line .......................................................:    995
! SUMMARY-  manifold_solid_brep ........................................:      2
! SUMMARY-  oriented_edge ..............................................:   3350
! SUMMARY-  plane ......................................................:    364
! SUMMARY-  plane_angle_unit_and_si_unit ...............................:      1
! SUMMARY-  product ....................................................:      2
! SUMMARY-  product_category ...........................................:      2
! SUMMARY-  product_category_relationship ..............................:      2
! SUMMARY-  product_context ............................................:      2
! SUMMARY-  product_definition .........................................:      2
! SUMMARY-  product_definition_context .................................:      2
! SUMMARY-  product_definition_formation_with_specified_source .........:      2
! SUMMARY-  product_definition_shape ...................................:      2
! SUMMARY-  product_related_product_category ...........................:      2
! SUMMARY-  shape_definition_representation ............................:      2
! SUMMARY-  si_unit_and_solid_angle_unit ...............................:      1
! SUMMARY-  toroidal_surface ...........................................:      8
! SUMMARY-  uncertainty_measure_with_unit ..............................:      1
! SUMMARY-  vector .....................................................:    995
! SUMMARY-  vertex_point ...............................................:   1098
! SUMMARY-                                                               -------
! SUMMARY-  Total                                                          19922
! STATUS-    
! STATUS-   Converting to Output Form (Phase 2 of 3): 3-NOV-2015 2:50:39 PM
! STATUS-    
! STATUS-    
! STATUS-   Generating UG geometry and placing them in parts
! STATUS-    
! STATUS-   Creating the UG part (Phase 3 of 3): 3-NOV-2015  2:50:39 PM
! STATUS-    
! STATUS-   Creating UG solid body from Input Ent Id 4451
! STATUS-    
! STATUS-   fixing vertex off curve and/or edge reversed faults
! STATUS-    
! STATUS-   fixing vertex and/or edge off surface faults
! STATUS-    
! STATUS-   simplifying Bsplines to analytics
! STATUS-    
! STATUS-   converting tolerant edges into exact edges
! STATUS-    
! STATUS-   doing final check of body to report any faults
! STATUS-    
! INFO-     Filing Part ..: \\profiles.fhv.at\kki8361$\Downloads\linearAxis80mm\23425
! SUMMARY-   
! SUMMARY-  Summary of Unigraphics Part Entities
! SUMMARY-   
! SUMMARY-  Entities Processed             Count
! SUMMARY-  ------------------             -----
! SUMMARY-  Solid .......................:     1
! SUMMARY-                                 -----
! SUMMARY-  Total                              1
! STATUS-   Creating the UG part (Phase 3 of 3): 3-NOV-2015  2:50:45 PM
! STATUS-    
! STATUS-   Creating UG solid body from Input Ent Id 8967
! STATUS-    
! STATUS-   simplifying Bsplines to analytics
! STATUS-    
! STATUS-   converting tolerant edges into exact edges
! STATUS-    
! STATUS-   doing final check of body to report any faults
! STATUS-    
! INFO-     Filing Part ..: \\profiles.fhv.at\kki8361$\Downloads\linearAxis80mm\13420
! SUMMARY-   
! SUMMARY-  Summary of Unigraphics Part Entities
! SUMMARY-   
! SUMMARY-  Entities Processed             Count
! SUMMARY-  ------------------             -----
! SUMMARY-  Solid .......................:     1
! SUMMARY-                                 -----
! SUMMARY-  Total                              1
! STATUS-   Creating the UG part (Phase 3 of 3): 3-NOV-2015  2:50:49 PM
! INFO-     Filing Part ..: \\profiles.fhv.at\kki8361$\Downloads\linearAxis80mm\SLT_BB_0412_ER_S0015RG_80_1_stp.prt
! SUMMARY-   
! SUMMARY-  Summary of Unigraphics Part Entities
! SUMMARY-   
! SUMMARY-  Entities Processed             Count
! SUMMARY-  ------------------             -----
! SUMMARY-                                 -----
! SUMMARY-  Total                              0
! INFO-      
! INFO-     Total number of solids input for this translation       :         2
! INFO-      
! INFO-     Number of solids created without body validation faults :         2
! INFO-      
! INFO-     Number of solids created with body validation fault(s)  :         0
! INFO-      
! INFO-     Number of solids ending up as sheet bodies              :         0
! INFO-      
! INFO-     End of Translation: 3-NOV-2015  2:50:50 PM
! INFO-      
